2021-09-16 10:27:29,593 - os.name - Windows 10
2021-09-16 10:27:29,596 - os.arch - amd64
2021-09-16 10:27:29,600 - os.version - 10.0
2021-09-16 10:27:29,600 - java.version - 1.8.0_301
2021-09-16 10:27:29,600 - java.vendor - Oracle Corporation
2021-09-16 10:27:29,600 - java.vendor.url - http://java.oracle.com/
2021-09-16 10:27:29,600 - java.home - C:\Program Files\Java\jre1.8.0_301
2021-09-16 10:27:29,600 - java.vm.specification.name - Java Virtual Machine Specification
2021-09-16 10:27:29,600 - java.vm.specification.vendor - Oracle Corporation
2021-09-16 10:27:29,600 - java.vm.specification.version - 1.8
2021-09-16 10:27:29,601 - java.class.path - C:\Developer\oepe-12.2.1.9-photon-distro-win32-x86_64\\plugins/org.eclipse.equinox.launcher_1.5.0.v20180512-1130.jar
2021-09-16 10:27:29,601 - java.library.path - C:\Developer\oepe-12.2.1.9-photon-distro-win32-x86_64;C:\WINDOWS\Sun\Java\bin;C:\WINDOWS\system32;C:\WINDOWS;C:/Program Files/Java/jre1.8.0_301/bin/server;C:/Program Files/Java/jre1.8.0_301/bin;C:/Program Files/Java/jre1.8.0_301/lib/amd64;C:\ProgramData\Oracle\Java\javapath;C:\Windows\system32;C:\Windows;C:\Windows\System32\Wbem;C:\Windows\System32\WindowsPowerShell\v1.0\;C:\Windows\System32\OpenSSH\;C:\Program Files (x86)\NVIDIA Corporation\PhysX\Common;C:\Program Files\NVIDIA Corporation\NVIDIA NvDLISR;C:\WINDOWS\system32;C:\WINDOWS;C:\WINDOWS\System32\Wbem;C:\WINDOWS\System32\WindowsPowerShell\v1.0\;C:\WINDOWS\System32\OpenSSH\;C:\Program Files\Git\cmd;C:\ProgramData\chocolatey\bin;C:\Program Files\nodejs\;C:\Program Files\MySQL\MySQL Shell 8.0\bin\;C:\Users\benny\AppData\Local\git-cola\bin;C:\Users\benny\AppData\Local\Microsoft\WindowsApps;C:\Users\benny\AppData\Local\Programs\Microsoft VS Code\bin;C:\Developer\apache-maven-3.6.3-bin\apache-maven-3.6.3\bin;C:\Users\benny\AppData\Roaming\npm;C:\Program Files\Java\jdk-11.0.7;;C:\Developer\oepe-12.2.1.9-photon-distro-win32-x86_64;;.
2021-09-16 10:27:29,601 - --------------------------------------
2021-09-16 10:27:29,601 - ## Eclipse Plug-ins Log Information ##
2021-09-16 10:27:29,601 - --------------------------------------
2021-09-16 10:27:29,616 - javax.el - 2.2.0.v201303151357
2021-09-16 10:27:29,618 - javax.servlet - 3.1.0.v201410161800
2021-09-16 10:27:29,619 - javax.servlet.jsp - 2.2.0.v201112011158
2021-09-16 10:27:29,621 - com.sun.el - 2.2.0.v201303151357
2021-09-16 10:27:29,622 - org.apache.commons.logging - 1.1.1.v201101211721
2021-09-16 10:27:29,624 - org.apache.jasper.glassfish - 2.2.2.v201501141630
2021-09-16 10:27:29,629 - org.apache.lucene.analyzers-common - 7.1.0.v20180122-2126
2021-09-16 10:27:29,636 - org.apache.lucene.core - 7.1.0.v20171214-1510
2021-09-16 10:27:29,637 - org.apache.lucene.analyzers-smartcn - 7.1.0.v20180122-2126
2021-09-16 10:27:29,639 - org.eclipse.equinox.http.jetty - 3.6.0.v20180328-1442
2021-09-16 10:27:29,640 - org.eclipse.equinox.http.registry - 1.1.500.v20171221-2204
2021-09-16 10:27:29,641 - org.eclipse.equinox.http.servlet - 1.5.0.v20180501-1936
2021-09-16 10:27:29,643 - org.eclipse.equinox.jsp.jasper - 1.1.0.v20180501-1958
2021-09-16 10:27:29,645 - org.eclipse.equinox.jsp.jasper.registry - 1.1.0.v20171221-2204
2021-09-16 10:27:29,645 - org.eclipse.help.base - 4.2.200.v20180611-0500
2021-09-16 10:27:29,646 - org.eclipse.help.ui - 4.1.100.v20180418-0908
2021-09-16 10:27:29,648 - org.eclipse.help.webapp - 3.9.100.v20180528-0907
2021-09-16 10:27:29,649 - org.eclipse.jetty.continuation - 9.4.10.v20180503
2021-09-16 10:27:29,650 - org.eclipse.jetty.http - 9.4.10.v20180503
2021-09-16 10:27:29,652 - org.eclipse.jetty.io - 9.4.10.v20180503
2021-09-16 10:27:29,654 - org.eclipse.jetty.security - 9.4.10.v20180503
2021-09-16 10:27:29,656 - org.eclipse.jetty.server - 9.4.10.v20180503
2021-09-16 10:27:29,657 - org.eclipse.jetty.servlet - 9.4.10.v20180503
2021-09-16 10:27:29,664 - org.eclipse.jetty.util - 9.4.10.v20180503
2021-09-16 10:27:29,666 - org.eclipse.core.net - 1.3.200.v20180515-0858
2021-09-16 10:27:29,668 - org.eclipse.equinox.security - 1.2.400.v20171221-2204
2021-09-16 10:27:29,672 - org.eclipse.andmore.hierarchyviewer - 0.5.1.201701251432
2021-09-16 10:27:29,678 - org.eclipse.mylyn.bugzilla.core - 3.24.0.v20180221-1812
2021-09-16 10:27:29,679 - org.eclipse.mylyn.bugzilla.ui - 3.24.0.v20170811-1057
2021-09-16 10:27:29,687 - org.eclipse.sequoyah.device.backward - 2.1.0.N20120718-0509
2021-09-16 10:27:29,687 - org.eclipse.sequoyah.device.framework - 2.1.0.N20120718-0509
2021-09-16 10:27:29,688 - org.eclipse.sequoyah.device.framework.ui - 2.1.0.N20120718-0509
2021-09-16 10:27:29,690 - org.eclipse.sequoyah.device.service.start - 2.1.0.N20120718-0509
2021-09-16 10:27:29,691 - org.eclipse.sequoyah.device.service.stop - 2.1.0.N20120718-0509
2021-09-16 10:27:29,692 - org.eclipse.sequoyah.device.framework.wizard - 2.1.0.N20120718-0509
2021-09-16 10:27:29,699 - org.eclipse.egit.core - 5.0.0.201806131550-r
2021-09-16 10:27:29,701 - org.eclipse.egit.ui - 5.0.0.201806131550-r
2021-09-16 10:27:29,701 - org.eclipse.egit - 5.0.0.201806131550-r
2021-09-16 10:27:29,702 - org.eclipse.egit.doc - 5.0.0.201806131550-r
2021-09-16 10:27:29,714 - org.eclipse.jpt.dbws.eclipselink.ui - 1.1.201.v201803012210
2021-09-16 10:27:29,715 - org.eclipse.jpt.dbws.eclipselink.core.gen - 1.1.201.v201803012210
2021-09-16 10:27:29,717 - javax.wsdl - 1.6.2.v201012040545
2021-09-16 10:27:29,718 - org.eclipse.persistence.dbws - 2.7.1.v20171221-bd47e8f
2021-09-16 10:27:29,720 - org.eclipse.persistence.dbws.builder - 2.7.1.v20171221-bd47e8f
2021-09-16 10:27:29,720 - org.eclipse.jpt.dbws.eclipselink.branding - 1.2.101.v201803012210
2021-09-16 10:27:29,726 - org.eclipse.mylyn.tasks.core - 3.24.0.v20170704-1739
2021-09-16 10:27:29,728 - org.eclipse.mylyn.tasks.index.core - 3.24.0.v20170629-1737
2021-09-16 10:27:29,729 - org.eclipse.mylyn.tasks.index.ui - 3.24.0.v20170629-1737
2021-09-16 10:27:29,731 - org.eclipse.mylyn.tasks.search - 3.24.0.v20170629-1737
2021-09-16 10:27:29,732 - org.eclipse.mylyn.tasks.ui - 3.24.0.v20180227-0955
2021-09-16 10:27:29,737 - org.eclipse.sapphire.ui.swt.xml.editor - 9.1.1.201712191343
2021-09-16 10:27:29,744 - org.jboss.ide.eclipse.as.rse.core - 3.9.106.v20210618-2025
2021-09-16 10:27:29,744 - org.jboss.ide.eclipse.as.rse.ui - 3.9.106.v20210618-2025
2021-09-16 10:27:29,751 - org.eclipse.gef - 3.11.0.201606061308
2021-09-16 10:27:29,756 - org.eclipse.mylyn.commons.identity.core - 1.16.0.v20170629-1728
2021-09-16 10:27:29,763 - javax.persistence - 2.2.0.v201708071007
2021-09-16 10:27:29,765 - org.eclipse.jpt.jpa.annotate - 1.0.101.v201803012210
2021-09-16 10:27:29,767 - org.eclipse.jpt.jpa.core - 3.5.1.v201803012210
2021-09-16 10:27:29,769 - org.eclipse.jpt.jpa.db - 2.2.201.v201803012210
2021-09-16 10:27:29,770 - org.eclipse.jpt.jpa.db.ui - 2.1.201.v201803012210
2021-09-16 10:27:29,774 - org.eclipse.jpt.jpa.gen - 2.3.201.v201803012210
2021-09-16 10:27:29,776 - org.eclipse.jpt.jpa.ui - 3.4.201.v201803012210
2021-09-16 10:27:29,777 - org.eclipse.jpt.doc.user - 3.2.101.v201803012210
2021-09-16 10:27:29,778 - org.eclipse.persistence.jpa.jpql - 2.7.1.v20171221-bd47e8f
2021-09-16 10:27:29,780 - org.apache.commons.collections - 3.2.2.v201511171945
2021-09-16 10:27:29,782 - org.apache.commons.lang - 2.6.0.v201404270220
2021-09-16 10:27:29,783 - org.apache.velocity - 1.5.0.v200905192330
2021-09-16 10:27:29,785 - org.jdom - 1.1.1.v201101151400
2021-09-16 10:27:29,785 - org.eclipse.jpt.jpa.branding - 3.4.1.v201803012210
2021-09-16 10:27:29,789 - org.eclipse.tm.terminal.view.core - 4.2.0.201609191434
2021-09-16 10:27:29,790 - org.eclipse.tm.terminal.view.ui - 4.3.0.201803121111
2021-09-16 10:27:29,797 - org.eclipse.datatools.enablement.sqlite - 1.2.100.201801242337
2021-09-16 10:27:29,798 - org.eclipse.datatools.enablement.sqlite.dbdefinition - 1.2.100.201801242337
2021-09-16 10:27:29,800 - org.eclipse.datatools.enablement.sqlite.ui - 1.2.100.201801242337
2021-09-16 10:27:29,800 - org.eclipse.datatools.enablement.finfo - 1.7.100.201801242337
2021-09-16 10:27:29,804 - org.eclipse.emf.codegen.ui - 2.7.0.v20180125-1130
2021-09-16 10:27:29,821 - org.eclipse.mylyn.commons.notifications.core - 1.16.0.v20170629-1728
2021-09-16 10:27:29,822 - org.eclipse.mylyn.commons.notifications.feed - 1.16.0.v20170629-1728
2021-09-16 10:27:29,824 - org.eclipse.mylyn.commons.notifications.ui - 1.16.0.v20170629-1728
2021-09-16 10:27:29,836 - org.eclipse.mylyn.cvs.core - 1.16.0.v20170629-1738
2021-09-16 10:27:29,841 - org.eclipse.emf.converter - 2.9.0.v20180129-0903
2021-09-16 10:27:29,842 - org.eclipse.emf.importer - 2.10.0.v20180131-0817
2021-09-16 10:27:29,844 - org.eclipse.emf.exporter - 2.8.0.v20180125-1130
2021-09-16 10:27:29,845 - org.eclipse.emf.importer.ecore - 2.9.0.v20180125-1130
2021-09-16 10:27:29,847 - org.eclipse.emf.importer.java - 2.9.0.v20180127-0728
2021-09-16 10:27:29,848 - org.eclipse.emf.importer.rose - 2.9.0.v20180125-1130
2021-09-16 10:27:29,853 - oracle.eclipse.tools.coherence - 17.3.0.201903121357
2021-09-16 10:27:29,856 - oracle.eclipse.tools.coherence.ui - 17.3.0.201903121357
2021-09-16 10:27:29,857 - oracle.eclipse.tools.coherence.doc - 17.3.0.201903121357
2021-09-16 10:27:29,866 - org.eclipse.datatools.enablement.postgresql.dbdefinition - 1.2.100.201801242337
2021-09-16 10:27:29,867 - org.eclipse.datatools.enablement.postgresql - 1.3.100.201801242337
2021-09-16 10:27:29,868 - org.eclipse.datatools.enablement.postgresql.ui - 1.2.100.201801242337
2021-09-16 10:27:29,868 - org.eclipse.datatools.enablement.finfo - 1.7.100.201801242337
2021-09-16 10:27:29,874 - org.eclipse.datatools.enablement.oda.ws.ui - 1.4.100.201802061455
2021-09-16 10:27:29,874 - org.eclipse.datatools.enablement.oda.xml.ui - 1.4.100.201801242337
2021-09-16 10:27:29,875 - org.eclipse.datatools.connectivity.oda.flatfile.ui - 3.3.100.201801242337
2021-09-16 10:27:29,879 - org.eclipse.datatools.connectivity.oda.design.ui - 3.4.100.201801242337
2021-09-16 10:27:29,880 - org.eclipse.datatools.connectivity.ui.dse - 1.3.100.201801242337
2021-09-16 10:27:29,882 - org.eclipse.datatools.connectivity.ui - 1.4.100.201801242337
2021-09-16 10:27:29,883 - org.eclipse.datatools.connectivity.sqm.core - 1.4.100.201801242337
2021-09-16 10:27:29,884 - org.eclipse.datatools.help - 1.7.100.201801242337
2021-09-16 10:27:29,890 - com.android.ide.eclipse.traceview - 23.0.7.2120684
2021-09-16 10:27:29,895 - org.jboss.tools.jmx.core - 1.10.200.v20210630-1320
2021-09-16 10:27:29,896 - org.jboss.tools.jmx.ui - 1.10.200.v20210630-1320
2021-09-16 10:27:29,898 - org.jboss.tools.jmx.jvmmonitor.core - 1.10.200.v20210630-1320
2021-09-16 10:27:29,899 - org.jboss.tools.jmx.jvmmonitor.tools - 1.10.200.v20210630-1320
2021-09-16 10:27:29,900 - org.jboss.tools.jmx.jvmmonitor.ui - 1.10.200.v20210630-1320
2021-09-16 10:27:29,901 - org.jboss.tools.jmx.local - 1.10.200.v20210630-1320
2021-09-16 10:27:29,907 - org.jboss.tools.jmx.jolokia - 1.10.200.v20210630-1320
2021-09-16 10:27:29,911 - org.eclipse.m2e.wtp.jsf - 1.4.0.20180606-2005
2021-09-16 10:27:29,916 - org.eclipse.datatools.connectivity.db.generic - 1.2.100.201801242337
2021-09-16 10:27:29,917 - org.eclipse.datatools.connectivity.db.generic.ui - 1.2.100.201801242337
2021-09-16 10:27:29,919 - org.eclipse.datatools.connectivity.dbdefinition.genericJDBC - 1.2.100.201801242337
2021-09-16 10:27:29,924 - org.eclipse.emf.mapping - 2.10.0.v20180125-1130
2021-09-16 10:27:29,952 - org.eclipse.wst.common.project.facet.core - 1.4.300.v201111030423
2021-09-16 10:27:29,953 - org.eclipse.wst.common.project.facet.ui - 1.4.601.v201707201954
2021-09-16 10:27:29,958 - org.eclipse.emf.ecore - 2.14.0.v20180529-1144
2021-09-16 10:27:29,959 - org.eclipse.emf.ecore.change - 2.12.0.v20180125-1130
2021-09-16 10:27:29,960 - org.eclipse.emf.ecore.xmi - 2.14.0.v20180129-1548
2021-09-16 10:27:29,966 - org.eclipse.sapphire.ui.swt.gef - 9.1.1.201712191343
2021-09-16 10:27:29,970 - org.eclipse.datatools.intro - 1.14.100.201801242337
2021-09-16 10:27:29,976 - com.google.guava - 21.0.0.v20170206-1425
2021-09-16 10:27:29,977 - com.google.gson - 2.7.0.v20170129-0911
2021-09-16 10:27:29,978 - org.eclipse.papyrus.sdk - 4.0.0.201806130934
2021-09-16 10:27:29,982 - org.eclipse.jst.common.project.facet.core - 1.6.0.v201803201710
2021-09-16 10:27:29,984 - org.eclipse.jst.common.project.facet.ui - 1.4.510.v201802151734
2021-09-16 10:27:29,989 - org.eclipse.jgit - 5.0.0.201806131550-r
2021-09-16 10:27:29,990 - org.eclipse.jgit.archive - 5.0.0.201806131550-r
2021-09-16 10:27:29,991 - com.jcraft.jsch - 0.1.54.v20170116-1932
2021-09-16 10:27:29,993 - javaewah - 1.1.6.v20160919-1400
2021-09-16 10:27:29,996 - org.apache.commons.compress - 1.15.0.v20180119-1613
2021-09-16 10:27:29,998 - org.slf4j.api - 1.7.30.v20200204-2150
2021-09-16 10:27:30,000 - org.slf4j.impl.log4j12 - 1.7.2.v20131105-2200
2021-09-16 10:27:30,001 - org.apache.log4j - 1.2.15.v201012070815
2021-09-16 10:27:30,002 - com.jcraft.jzlib - 1.1.1.v201205102305
2021-09-16 10:27:30,008 - org.eclipse.jpt.jaxb.core - 1.4.101.v201803012210
2021-09-16 10:27:30,009 - org.eclipse.jpt.jaxb.core.schemagen - 1.1.201.v201803012210
2021-09-16 10:27:30,011 - org.eclipse.jpt.jaxb.ui - 1.5.101.v201803012210
2021-09-16 10:27:30,012 - org.eclipse.jpt.jaxb.branding - 1.4.1.v201803012210
2021-09-16 10:27:30,016 - org.eclipse.emf.mapping.ecore.editor - 2.7.0.v20180123-1048
2021-09-16 10:27:30,018 - org.eclipse.emf.mapping.ecore2ecore.editor - 2.8.0.v20180125-1130
2021-09-16 10:27:30,019 - org.eclipse.emf.mapping.ecore2xml.ui - 2.9.0.v20180125-1130
2021-09-16 10:27:30,024 - org.eclipse.datatools.enablement.finfo - 1.7.100.201801242337
2021-09-16 10:27:30,026 - org.eclipse.datatools.sqltools.db.derby.ui - 1.2.100.201801242337
2021-09-16 10:27:30,028 - org.eclipse.datatools.sqltools.db.generic.ui - 1.2.100.201801242337
2021-09-16 10:27:30,034 - org.eclipse.mylyn.gerrit.core - 2.15.0.v20180322-1946
2021-09-16 10:27:30,035 - org.eclipse.mylyn.gerrit.ui - 2.15.0.v20180322-1946
2021-09-16 10:27:30,035 - javax.servlet - 3.1.0.v201410161800
2021-09-16 10:27:30,040 - org.eclipse.datatools.enablement.jdt.classpath - 1.2.100.201801242337
2021-09-16 10:27:30,049 - org.eclipse.mylyn.discovery.core - 3.24.0.v20170629-1728
2021-09-16 10:27:30,051 - org.eclipse.mylyn.discovery.ui - 3.24.0.v20170629-1728
2021-09-16 10:27:30,057 - org.eclipse.datatools.enablement.mysql.dbdefinition - 1.2.100.201801242337
2021-09-16 10:27:30,060 - org.eclipse.datatools.enablement.mysql - 1.2.100.201801242337
2021-09-16 10:27:30,061 - org.eclipse.datatools.enablement.mysql.ui - 1.2.100.201801242337
2021-09-16 10:27:30,061 - org.eclipse.datatools.enablement.finfo - 1.7.100.201801242337
2021-09-16 10:27:30,072 - oracle.eclipse.tools.weblogic.scripting - 17.3.0.201903121357
2021-09-16 10:27:30,073 - oracle.eclipse.tools.weblogic.scripting.ui - 17.3.0.201903121357
2021-09-16 10:27:30,079 - org.eclipse.datatools.enablement.msft.sqlserver.dbdefinition - 1.2.100.201801242337
2021-09-16 10:27:30,080 - org.eclipse.datatools.enablement.msft.sqlserver - 1.2.100.201801242337
2021-09-16 10:27:30,274 - org.eclipse.datatools.enablement.msft.sqlserver.ui - 1.2.100.201801242337
2021-09-16 10:27:30,274 - org.eclipse.datatools.enablement.finfo - 1.7.100.201801242337
2021-09-16 10:27:30,283 - org.eclipse.mylyn.versions.core - 1.16.0.v20170629-1738
2021-09-16 10:27:30,285 - org.eclipse.mylyn.versions.ui - 1.16.0.v20170629-1738
2021-09-16 10:27:30,292 - org.eclipse.wst.jsdt.chromium.debug.core - 0.5.300.v201705091354
2021-09-16 10:27:30,293 - org.eclipse.wst.jsdt.chromium.debug.ui - 0.6.200.v201701261810
2021-09-16 10:27:30,295 - org.eclipse.wst.jsdt.chromium.debug.js - 0.1.200.v201610211901
2021-09-16 10:27:30,295 - org.eclipse.wst.jsdt.chromium.debug - 0.4.0.v201605131737
2021-09-16 10:27:30,297 - org.eclipse.wst.jsdt.chromium - 0.5.200.v201610211901
2021-09-16 10:27:30,299 - org.eclipse.wst.jsdt.chromium.debug.jsdtbridge - 0.5.200.v201610211901
2021-09-16 10:27:30,300 - org.eclipse.wst.jsdt.chromium.wip.eclipse - 0.5.200.v201610212001
2021-09-16 10:27:30,302 - org.eclipse.wst.jsdt.chromium.wipbackend.dev - 0.5.200.v201610212001
2021-09-16 10:27:30,303 - org.eclipse.wst.jsdt.chromium.wipbackend.protocol_1_0 - 0.5.200.v201610212001
2021-09-16 10:27:30,308 - org.eclipse.sequoyah.localization.android - 2.1.0.N20120718-0509
2021-09-16 10:27:30,309 - org.eclipse.sequoyah.localization.android.help - 2.1.1.N20120718-0509
2021-09-16 10:27:30,314 - org.eclipse.m2e.wtp.jpa - 1.4.0.20180606-2005
2021-09-16 10:27:30,406 - oracle.eclipse.tools.adf.dtrt.mobile.v13 - 17.3.0.201903121357
2021-09-16 10:27:30,407 - oracle.eclipse.tools.adf.mobile - 17.3.0.201903121357
2021-09-16 10:27:30,408 - oracle.eclipse.tools.maf.dt.common - 17.3.0.201903121357
2021-09-16 10:27:30,409 - oracle.eclipse.tools.maf.dt.v20 - 17.3.0.201903121357
2021-09-16 10:27:30,410 - oracle.eclipse.tools.maf.dt.v201 - 17.3.0.201903121357
2021-09-16 10:27:30,412 - oracle.eclipse.tools.maf.dt.v21 - 17.3.0.201903121357
2021-09-16 10:27:30,450 - oracle.eclipse.tools.maf.javaframework.v21 - 17.3.0.201903121357
2021-09-16 10:27:30,455 - oracle.eclipse.tools.rest.runtime - 17.3.0.201903121357
2021-09-16 10:27:30,456 - oracle.eclipse.tools.rest.runtime.maf - 17.3.0.201903121357
2021-09-16 10:27:30,457 - oracle.eclipse.tools.rest.runtime.maf.v23 - 17.3.0.201903121357
2021-09-16 10:27:30,461 - oracle.eclipse.tools.rest.runtime.maf.v231 - 17.3.0.201903121357
2021-09-16 10:27:30,462 - oracle.eclipse.tools.rest - 17.3.0.201903121357
2021-09-16 10:27:30,464 - oracle.eclipse.tools.rest.ide - 17.3.0.201903121357
2021-09-16 10:27:30,519 - oracle.eclipse.tools.rest.lib - 17.3.0.201903121357
2021-09-16 10:27:30,520 - oracle.eclipse.tools.rest.client - 17.3.0.201903121357
2021-09-16 10:27:30,522 - oracle.eclipse.tools.rest.client.ide - 17.3.0.201903121357
2021-09-16 10:27:30,531 - oracle.eclipse.tools.rest.cdm - 17.3.0.201903121357
2021-09-16 10:27:30,532 - oracle.eclipse.tools.rest.cdm.ide - 17.3.0.201903121357
2021-09-16 10:27:30,534 - oracle.eclipse.tools.rest.raml - 17.3.0.201903121357
2021-09-16 10:27:30,536 - oracle.eclipse.tools.maf.doc - 17.3.0.201903121357
2021-09-16 10:27:30,634 - oracle.eclipse.tools.adf.dtrt.mobile.v202 - 17.3.0.201903121357
2021-09-16 10:27:30,701 - oracle.eclipse.tools.adf.dtrt.mobile.v22 - 17.3.0.201903121357
2021-09-16 10:27:30,760 - oracle.eclipse.tools.adf.dtrt.mobile.v23 - 17.3.0.201903121357
2021-09-16 10:27:30,761 - oracle.eclipse.tools.maf.dt.v211 - 17.3.0.201903121357
2021-09-16 10:27:30,788 - oracle.eclipse.tools.maf.javaframework.v211 - 17.3.0.201903121357
2021-09-16 10:27:30,789 - oracle.eclipse.tools.maf.dt.v212 - 17.3.0.201903121357
2021-09-16 10:27:30,789 - oracle.eclipse.tools.maf.dt.v213 - 17.3.0.201903121357
2021-09-16 10:27:30,790 - oracle.eclipse.tools.maf.vm.v20 - 17.3.0.201903121357
2021-09-16 10:27:30,792 - oracle.eclipse.tools.maf.vm.v21 - 17.3.0.201903121357
2021-09-16 10:27:30,816 - oracle.eclipse.tools.maf.javaframework.v213 - 17.3.0.201903121357
2021-09-16 10:27:30,836 - oracle.eclipse.tools.maf.javaframework.v22 - 17.3.0.201903121357
2021-09-16 10:27:30,837 - oracle.eclipse.tools.maf.dt.v22 - 17.3.0.201903121357
2021-09-16 10:27:30,837 - oracle.eclipse.tools.maf.dt.v221 - 17.3.0.201903121357
2021-09-16 10:27:30,838 - oracle.eclipse.tools.maf.dt.v222 - 17.3.0.201903121357
2021-09-16 10:27:30,864 - oracle.eclipse.tools.maf.javaframework.v23 - 17.3.0.201903121357
2021-09-16 10:27:30,865 - oracle.eclipse.tools.maf.dt.v23 - 17.3.0.201903121357
2021-09-16 10:27:30,866 - oracle.eclipse.tools.maf.dt.v231 - 17.3.0.201903121357
2021-09-16 10:27:30,866 - oracle.eclipse.tools.maf.dt.v232 - 17.3.0.201903121357
2021-09-16 10:27:30,867 - oracle.eclipse.tools.maf.dt.v233 - 17.3.0.201903121357
2021-09-16 10:27:30,870 - org.eclipse.jst.ws.jaxws.core - 1.0.501.v201806042237
2021-09-16 10:27:30,871 - org.eclipse.jst.ws.jaxws.ui - 1.0.500.v201803011744
2021-09-16 10:27:30,872 - javax.xml.ws - 2.1.0.v200902101523
2021-09-16 10:27:30,873 - javax.jws - 2.0.0.v201005080400
2021-09-16 10:27:30,873 - org.eclipse.jst.ws.annotations.core - 1.2.200.v201802222200
2021-09-16 10:27:30,874 - javax.xml.stream - 1.0.1.v201004272200
2021-09-16 10:27:30,875 - org.eclipse.jst.ws.jaxb.core - 1.0.200.v201802222200
2021-09-16 10:27:30,876 - javax.wsdl - 1.6.2.v201012040545
2021-09-16 10:27:30,876 - org.jdom - 1.1.1.v201101151400
2021-09-16 10:27:30,881 - org.eclipse.datatools.connectivity.doc.user.contexts - 1.7.100.201801242337
2021-09-16 10:27:30,881 - org.eclipse.datatools.connectivity.doc.user - 1.14.100.201802022135
2021-09-16 10:27:30,884 - org.eclipse.mylyn.tasks.bugs - 3.24.0.v20170629-1737
2021-09-16 10:27:30,885 - org.eclipse.mylyn.help.ui - 3.24.0.v20170629-1737
2021-09-16 10:27:30,887 - org.eclipse.userstorage - 1.1.0.v20170328-0205
2021-09-16 10:27:30,888 - org.eclipse.userstorage.ui - 1.0.2.v20170526-1605
2021-09-16 10:27:30,889 - org.eclipse.userstorage.oauth - 1.0.0.v20170526-1605
2021-09-16 10:27:30,894 - oracle.eclipse.tools.maf.doc.v233 - 2.3.3.201702151413
2021-09-16 10:27:30,894 - oracle.eclipse.tools.maf.rt.v233 - 2.3.3.201702151413
2021-09-16 10:27:30,897 - org.eclipse.emf.edit - 2.13.0.v20180421-1151
2021-09-16 10:27:30,900 - oracle.eclipse.tools.adf.v1221.doc - 12.2.1.201510162244
2021-09-16 10:27:30,902 - org.eclipse.mylyn.commons.core - 3.24.0.v20170629-1728
2021-09-16 10:27:30,903 - org.eclipse.mylyn.commons.screenshots - 3.24.0.v20170629-1728
2021-09-16 10:27:30,904 - org.eclipse.mylyn.commons.ui - 3.24.0.v20170629-1728
2021-09-16 10:27:30,904 - org.eclipse.mylyn.commons.workbench - 3.24.0.v20180613-1658
2021-09-16 10:27:30,907 - org.eclipse.mylyn.bugzilla.ide - 3.24.0.v20170629-2230
2021-09-16 10:27:30,908 - org.eclipse.mylyn.ide.ui - 3.24.0.v20170629-2230
2021-09-16 10:27:30,914 - org.eclipse.wst.json.ui - 1.0.100.v201805161856
2021-09-16 10:27:30,915 - org.eclipse.wst.json.bower.ui - 1.0.0.v201802171654
2021-09-16 10:27:30,916 - org.eclipse.wst.json.eslint.ui - 1.0.0.v201802171654
2021-09-16 10:27:30,917 - org.eclipse.wst.json.jshint.ui - 1.0.0.v201802171654
2021-09-16 10:27:30,918 - org.eclipse.wst.json.npm.ui - 1.0.0.v201802171654
2021-09-16 10:27:30,921 - org.eclipse.emf.databinding.edit - 1.4.0.v20180130-1145
2021-09-16 10:27:30,926 - org.eclipse.mylyn.pde.ui - 3.24.0.v20170629-2230
2021-09-16 10:27:30,928 - org.eclipse.emf.codegen.ecore - 2.14.0.v20180418-0836
2021-09-16 10:27:30,929 - org.eclipse.emf.ant - 2.9.0.v20180125-1130
2021-09-16 10:27:30,932 - oracle.eclipse.tools.maf.examples.v233 - 2.3.3.201702151413
2021-09-16 10:27:30,949 - org.eclipse.m2e.archetype.common - 1.9.0.20180606-2035
2021-09-16 10:27:30,953 - org.eclipse.m2e.maven.indexer - 1.9.0.20180606-2035
2021-09-16 10:27:30,954 - org.eclipse.m2e.model.edit - 1.9.0.20180606-2036
2021-09-16 10:27:30,954 - org.eclipse.m2e.core - 1.9.0.20180606-2036
2021-09-16 10:27:30,955 - org.eclipse.m2e.launching - 1.9.0.20180606-2036
2021-09-16 10:27:30,956 - org.eclipse.m2e.workspace.cli - 0.3.1
2021-09-16 10:27:30,957 - org.eclipse.m2e.jdt - 1.9.0.20180606-2036
2021-09-16 10:27:30,957 - org.eclipse.m2e.editor - 1.9.0.20180606-2036
2021-09-16 10:27:30,958 - org.eclipse.m2e.editor.xml - 1.9.0.20180606-2036
2021-09-16 10:27:30,996 - org.eclipse.m2e.maven.runtime - 1.9.0.20180606-2035
2021-09-16 10:27:30,999 - org.eclipse.m2e.maven.runtime.slf4j.simple - 1.9.0.20180606-2035
2021-09-16 10:27:30,999 - org.eclipse.m2e.refactoring - 1.9.0.20180606-2036
2021-09-16 10:27:31,000 - org.eclipse.m2e.lifecyclemapping.defaults - 1.9.0.20180606-2036
2021-09-16 10:27:31,001 - org.eclipse.m2e.discovery - 1.9.0.20180606-2036
2021-09-16 10:27:31,002 - org.eclipse.m2e.core.ui - 1.9.0.20180606-2036
2021-09-16 10:27:31,003 - org.eclipse.m2e.scm - 1.9.0.20180606-2036
2021-09-16 10:27:31,004 - org.eclipse.m2e.jdt.ui - 1.9.0.20180606-2036
2021-09-16 10:27:31,005 - org.eclipse.m2e.profiles.core - 1.9.0.20180606-2036
2021-09-16 10:27:31,006 - org.eclipse.m2e.profiles.ui - 1.9.0.20180606-2036
2021-09-16 10:27:31,007 - org.eclipse.m2e.importer - 1.9.0.20180606-2036
2021-09-16 10:27:31,007 - org.eclipse.m2e.sourcelookup - 1.9.0.20180606-2036
2021-09-16 10:27:31,008 - org.eclipse.m2e.sourcelookup.ui - 1.9.0.20180606-2036
2021-09-16 10:27:31,010 - org.eclipse.m2e.binaryproject - 1.9.0.20180606-2036
2021-09-16 10:27:31,011 - org.eclipse.m2e.binaryproject.ui - 1.9.0.20180606-2036
2021-09-16 10:27:31,015 - org.eclipse.andmore.ndk - 0.5.1.201701251432
2021-09-16 10:27:31,019 - org.eclipse.mylyn.git.core - 1.16.0.v20170629-1738
2021-09-16 10:27:31,019 - org.eclipse.mylyn.git.ui - 1.16.0.v20170629-1738
2021-09-16 10:27:31,024 - org.eclipse.datatools.connectivity.oda.consumer - 3.4.100.201801242337
2021-09-16 10:27:31,025 - org.eclipse.datatools.connectivity.oda.design - 3.5.100.201801242337
2021-09-16 10:27:31,026 - org.eclipse.datatools.connectivity.oda.profile - 3.4.100.201801242337
2021-09-16 10:27:31,026 - org.eclipse.datatools.connectivity.oda - 3.6.100.201801242337
2021-09-16 10:27:31,026 - org.eclipse.datatools.connectivity - 1.14.100.201802212225
2021-09-16 10:27:31,029 - org.eclipse.andmore.android.certmanager - 0.5.1.201701251432
2021-09-16 10:27:31,033 - org.eclipse.sequoyah.localization.tools - 2.1.0.N20120718-0509
2021-09-16 10:27:31,034 - org.eclipse.sequoyah.localization.editor - 2.1.0.N20120718-0509
2021-09-16 10:27:31,038 - org.eclipse.sapphire.modeling - 9.1.1.201712191343
2021-09-16 10:27:31,041 - org.eclipse.sapphire.platform - 9.1.1.201712191343
2021-09-16 10:27:31,043 - org.eclipse.sapphire.workspace - 9.1.1.201712191343
2021-09-16 10:27:31,044 - org.eclipse.sapphire.workspace.ui - 9.1.1.201712191343
2021-09-16 10:27:31,049 - org.eclipse.mylyn.team.ui - 3.24.0.v20170629-2230
2021-09-16 10:27:31,052 - org.eclipse.emf.common.ui - 2.13.0.v20180127-1015
2021-09-16 10:27:31,054 - org.eclipse.sequoyah.device.common.utilities - 2.1.0.N20120718-0509
2021-09-16 10:27:31,057 - org.eclipse.emf.mapping.ui - 2.8.0.v20180125-1130
2021-09-16 10:27:31,062 - org.jboss.ide.eclipse.archives.core - 3.6.309.v20210617-1620
2021-09-16 10:27:31,062 - org.jboss.ide.eclipse.archives.ui - 3.6.309.v20210617-1620
2021-09-16 10:27:31,063 - org.jboss.ide.eclipse.archives.jdt.integration - 3.6.309.v20210617-1620
2021-09-16 10:27:31,067 - org.eclipse.datatools.connectivity.oda.template.ui - 3.4.100.201801242337
2021-09-16 10:27:31,070 - org.eclipse.datatools.enablement.ibm - 1.2.100.201801242337
2021-09-16 10:27:31,070 - org.eclipse.datatools.enablement.ibm.db2 - 1.2.100.201801242337
2021-09-16 10:27:31,071 - org.eclipse.datatools.enablement.ibm.db2.iseries.dbdefinition - 1.2.100.201801242337
2021-09-16 10:27:31,072 - org.eclipse.datatools.enablement.ibm.db2.iseries - 1.2.100.201801242337
2021-09-16 10:27:31,073 - org.eclipse.datatools.enablement.ibm.db2.iseries.ui - 1.2.100.201801242337
2021-09-16 10:27:31,073 - org.eclipse.datatools.enablement.ibm.db2.luw.dbdefinition - 1.2.100.201801242337
2021-09-16 10:27:31,074 - org.eclipse.datatools.enablement.ibm.db2.luw - 1.2.100.201801242337
2021-09-16 10:27:31,076 - org.eclipse.datatools.enablement.ibm.db2.luw.ui - 1.2.100.201801242337
2021-09-16 10:27:31,078 - org.eclipse.datatools.enablement.ibm.db2.zseries.dbdefinition - 1.2.100.201801242337
2021-09-16 10:27:31,080 - org.eclipse.datatools.enablement.ibm.db2.zseries - 1.2.100.201801242337
2021-09-16 10:27:31,081 - org.eclipse.datatools.enablement.ibm.db2.zseries.ui - 1.2.100.201801242337
2021-09-16 10:27:31,082 - org.eclipse.datatools.enablement.ibm.informix.dbdefinition - 1.2.100.201801242337
2021-09-16 10:27:31,083 - org.eclipse.datatools.enablement.ibm.informix - 1.2.100.201801242337
2021-09-16 10:27:31,084 - org.eclipse.datatools.enablement.ibm.informix.ui - 1.2.100.201801242337
2021-09-16 10:27:31,085 - org.eclipse.datatools.enablement.ibm.ui - 1.2.100.201801242337
2021-09-16 10:27:31,088 - org.eclipse.jpt.common.eclipselink.core - 1.3.201.v201803012210
2021-09-16 10:27:31,088 - org.eclipse.jpt.common.eclipselink.branding - 1.3.101.v201803012210
2021-09-16 10:27:31,093 - org.eclipse.datatools.connectivity.sqm.core.ui - 1.4.100.201801242337
2021-09-16 10:27:31,093 - org.eclipse.datatools.connectivity.sqm.core - 1.4.100.201801242337
2021-09-16 10:27:31,094 - org.eclipse.datatools.connectivity.sqm.server.ui - 1.3.100.201801242337
2021-09-16 10:27:31,094 - org.eclipse.datatools.connectivity.ui.dse - 1.3.100.201801242337
2021-09-16 10:27:31,094 - org.eclipse.datatools.connectivity.ui - 1.4.100.201801242337
2021-09-16 10:27:31,094 - org.eclipse.datatools.connectivity - 1.14.100.201802212225
2021-09-16 10:27:31,094 - org.eclipse.datatools.help - 1.7.100.201801242337
2021-09-16 10:27:31,094 - org.eclipse.datatools.connectivity.console.profile - 1.2.100.201801242337
2021-09-16 10:27:31,098 - org.eclipse.wst.jsdt.core - 2.0.302.v201804042202
2021-09-16 10:27:31,098 - org.eclipse.wst.jsdt.manipulation - 1.0.601.v201602241911
2021-09-16 10:27:31,098 - org.eclipse.wst.jsdt.ui - 2.0.301.v201710051729
2021-09-16 10:27:31,099 - org.eclipse.wst.jsdt.support.firefox - 1.0.501.v201602241911
2021-09-16 10:27:31,099 - org.eclipse.wst.jsdt.support.ie - 1.0.601.v201602241911
2021-09-16 10:27:31,100 - org.eclipse.wst.jsdt.doc - 2.0.200.v201710302345
2021-09-16 10:27:31,101 - org.eclipse.wst.jsdt.debug.core - 3.2.200.v201610211901
2021-09-16 10:27:31,102 - org.eclipse.wst.jsdt.debug.transport - 1.0.300.v201502261613
2021-09-16 10:27:31,102 - org.eclipse.wst.jsdt.debug.crossfire - 1.0.500.v201505071819
2021-09-16 10:27:31,103 - org.eclipse.wst.jsdt.debug.rhino - 1.0.500.v201605251607
2021-09-16 10:27:31,104 - org.eclipse.wst.jsdt.debug.rhino.debugger - 1.0.600.v201604292217
2021-09-16 10:27:31,104 - org.eclipse.wst.jsdt.debug.ui - 1.0.600.v201605311817
2021-09-16 10:27:31,105 - org.mozilla.javascript - 1.7.5.v201504281450
2021-09-16 10:27:31,105 - com.google.guava - 21.0.0.v20170206-1425
2021-09-16 10:27:31,106 - com.google.javascript - 0.0.20160315.v20161124-1903
2021-09-16 10:27:31,114 - org.eclipse.wst.jsdt.web.core - 1.1.0.v201804162113
2021-09-16 10:27:31,115 - org.eclipse.wst.jsdt.web.ui - 1.2.0.v201802171654
2021-09-16 10:27:31,116 - org.eclipse.wst.html.ui.infopop - 1.0.201.v201711201733
2021-09-16 10:27:31,117 - org.eclipse.wst.web.ui.infopop - 1.0.300.v201711222247
2021-09-16 10:27:31,117 - org.eclipse.wst.css.ui - 1.1.0.v201802171654
2021-09-16 10:27:31,118 - org.eclipse.wst.html.ui - 1.1.0.v201803282043
2021-09-16 10:27:31,118 - org.eclipse.wst.web.ui - 1.2.0.v201802171744
2021-09-16 10:27:31,121 - org.eclipse.datatools.common.doc.user - 1.14.100.201802022135
2021-09-16 10:27:31,125 - org.eclipse.datatools.enablement.hsqldb - 1.2.100.201801242337
2021-09-16 10:27:31,126 - org.eclipse.datatools.enablement.hsqldb.dbdefinition - 1.2.100.201801242337
2021-09-16 10:27:31,127 - org.eclipse.datatools.enablement.hsqldb.ui - 1.2.100.201801242337
2021-09-16 10:27:31,127 - org.eclipse.datatools.enablement.finfo - 1.7.100.201801242337
2021-09-16 10:27:31,130 - org.eclipse.sapphire.java.jdt - 9.1.1.201712191343
2021-09-16 10:27:31,131 - org.eclipse.sapphire.java.jdt.ui - 9.1.1.201712191343
2021-09-16 10:27:31,134 - org.eclipse.datatools.sqltools.doc.user - 1.14.100.201802022135
2021-09-16 10:27:31,135 - org.eclipse.datatools.sqltools.doc.user.contexts - 1.7.100.201801242337
2021-09-16 10:27:31,138 - org.eclipse.m2e.wtp - 1.4.0.20180606-2005
2021-09-16 10:27:31,139 - org.eclipse.m2e.wtp.overlay - 1.4.0.20180606-2005
2021-09-16 10:27:31,140 - org.eclipse.m2e.wtp.overlay.ui - 1.4.0.20180606-2005
2021-09-16 10:27:31,145 - org.eclipse.xsd.mapping - 2.7.0.v20180123-1048
2021-09-16 10:27:31,146 - org.eclipse.emf.mapping.xsd2ecore - 2.7.0.v20180125-1133
2021-09-16 10:27:31,150 - org.eclipse.jpt.common.utility - 2.4.1.v201803012210
2021-09-16 10:27:31,151 - org.eclipse.jpt.common.core - 1.5.1.v201803012210
2021-09-16 10:27:31,152 - org.eclipse.jpt.common.ui - 1.4.201.v201803012210
2021-09-16 10:27:31,152 - org.eclipse.jpt.common.branding - 1.4.1.v201803012210
2021-09-16 10:27:31,155 - org.eclipse.sapphire.osgi - 9.1.1.201712191343
2021-09-16 10:27:31,156 - org.eclipse.sapphire.osgi.fragment - 9.1.1.201712191343
2021-09-16 10:27:31,160 - org.eclipse.emf.edit.ui - 2.14.0.v20180213-0527
2021-09-16 10:27:31,166 - org.eclipse.help - 3.8.100.v20180512-1136
2021-09-16 10:27:31,167 - org.eclipse.ui - 3.109.100.v20180426-0903
2021-09-16 10:27:31,168 - org.eclipse.ui.workbench - 3.111.0.v20180524-1156
2021-09-16 10:27:31,169 - org.eclipse.update.configurator - 3.4.0.v20180512-1141
2021-09-16 10:27:31,169 - org.eclipse.rcp - 4.8.0.v20180611-0500
2021-09-16 10:27:31,173 - org.eclipse.cvs - 1.4.500.v20180611-0500
2021-09-16 10:27:31,174 - org.eclipse.team.cvs.core - 3.4.200.v20180512-0831
2021-09-16 10:27:31,176 - org.eclipse.team.cvs.ssh2 - 3.3.100.v20171212-0901
2021-09-16 10:27:31,178 - org.eclipse.team.cvs.ui - 3.4.100.v20180418-1233
2021-09-16 10:27:31,183 - org.eclipse.persistence.moxy - 2.7.1.v20171221-bd47e8f
2021-09-16 10:27:31,184 - org.eclipse.jpt.jaxb.eclipselink.core - 1.3.201.v201803012210
2021-09-16 10:27:31,185 - org.eclipse.jpt.jaxb.eclipselink.ui - 1.4.201.v201803012210
2021-09-16 10:27:31,186 - org.eclipse.jpt.jaxb.eclipselink.core.schemagen - 1.2.201.v201803012210
2021-09-16 10:27:31,186 - org.eclipse.jpt.jaxb.eclipselink.branding - 1.4.101.v201803012210
2021-09-16 10:27:31,190 - org.eclipse.sapphire.ui - 9.1.1.201712191343
2021-09-16 10:27:31,193 - org.jboss.ide.eclipse.archives.webtools - 3.9.106.v20210618-2025
2021-09-16 10:27:31,197 - org.eclipse.mylyn.commons.repositories.http.core - 1.16.0.v20170629-1728
2021-09-16 10:27:31,209 - org.eclipse.datatools.connectivity.apache.derby.dbdefinition - 1.2.100.201801242337
2021-09-16 10:27:31,210 - org.eclipse.datatools.connectivity.apache.derby.ui - 1.2.100.201801242337
2021-09-16 10:27:31,211 - org.eclipse.datatools.connectivity.apache.derby - 1.2.100.201801242337
2021-09-16 10:27:31,212 - org.eclipse.datatools.modelbase.derby - 1.2.100.201801242337
2021-09-16 10:27:31,213 - org.eclipse.datatools.sqltools.db.derby - 1.2.100.201801242337
2021-09-16 10:27:31,216 - oracle.eclipse.tools.adf - 17.3.0.201903121357
2021-09-16 10:27:31,217 - oracle.eclipse.tools.adf.view - 17.3.0.201903121357
2021-09-16 10:27:31,223 - oracle.eclipse.tools.adf.view.ui - 17.3.0.201903121357
2021-09-16 10:27:31,224 - oracle.eclipse.tools.adf.controller - 17.3.0.201903121357
2021-09-16 10:27:31,224 - oracle.eclipse.tools.adf.controller.ui - 17.3.0.201903121357
2021-09-16 10:27:31,226 - oracle.eclipse.tools.adf.doc - 17.3.0.201903121357
2021-09-16 10:27:31,227 - oracle.eclipse.tools.adf.debugger - 17.3.0.201903121357
2021-09-16 10:27:31,227 - oracle.eclipse.tools.adf.debugger.ui - 17.3.0.201903121357
2021-09-16 10:27:31,228 - oracle.eclipse.tools.adf.common - 17.3.0.201903121357
2021-09-16 10:27:31,229 - oracle.eclipse.tools.adf.common.ui - 17.3.0.201903121357
2021-09-16 10:27:31,230 - oracle.eclipse.tools.adf.dtrt - 17.3.0.201903121357
2021-09-16 10:27:31,231 - oracle.eclipse.tools.adf.dtrt.ui - 17.3.0.201903121357
2021-09-16 10:27:31,232 - oracle.eclipse.tools.adf.dtrt.vcommon - 17.3.0.201903121357
2021-09-16 10:27:31,255 - oracle.eclipse.tools.adf.dtrt.v110101 - 17.3.0.201903121357
2021-09-16 10:27:31,287 - oracle.eclipse.tools.adf.dtrt.v120102 - 17.3.0.201903121357
2021-09-16 10:27:31,290 - org.eclipse.sapphire.modeling.xml - 9.1.1.201712191343
2021-09-16 10:27:31,294 - org.eclipse.jdt - 3.14.0.v20180611-0500
2021-09-16 10:27:31,295 - org.eclipse.ant.ui - 3.7.100.v20180512-1141
2021-09-16 10:27:31,297 - org.eclipse.jdt.apt.core - 3.6.0.v20180321-1528
2021-09-16 10:27:31,298 - org.eclipse.jdt.apt.ui - 3.6.0.v20180417-0931
2021-09-16 10:27:31,300 - org.eclipse.jdt.apt.pluggable.core - 1.2.100.v20180219-2143
2021-09-16 10:27:31,302 - org.eclipse.jdt.compiler.apt - 1.3.200.v20180523-0418
2021-09-16 10:27:31,303 - org.eclipse.jdt.compiler.tool - 1.2.200.v20180512-1206
2021-09-16 10:27:31,303 - org.eclipse.jdt.core - 3.14.0.v20180528-0519
2021-09-16 10:27:31,304 - org.eclipse.jdt.annotation - 2.2.0.v20180417-0931
2021-09-16 10:27:31,304 - org.eclipse.jdt.annotation - 2.2.0.v20180417-0931
2021-09-16 10:27:31,305 - org.eclipse.jdt.core.manipulation - 1.10.0.v20180323-0650
2021-09-16 10:27:31,306 - org.eclipse.jdt.debug.ui - 3.9.0.v20180606-1318
2021-09-16 10:27:31,307 - org.eclipse.jdt.debug - 3.11.100.v20180515-0929
2021-09-16 10:27:31,308 - org.eclipse.jdt.junit - 3.11.0.v20180427-0704
2021-09-16 10:27:31,309 - org.eclipse.jdt.junit.core - 3.10.0.v20180523-1405
2021-09-16 10:27:31,311 - org.eclipse.jdt.junit.runtime - 3.4.700.v20171124-1029
2021-09-16 10:27:31,313 - org.eclipse.jdt.junit4.runtime - 1.1.700.v20180327-0703
2021-09-16 10:27:31,314 - org.eclipse.jdt.junit5.runtime - 1.0.100.v20171124-1029
2021-09-16 10:27:31,314 - org.eclipse.jdt.launching - 3.10.0.v20180606-1318
2021-09-16 10:27:31,316 - org.eclipse.jdt.ui - 3.14.0.v20180529-1023
2021-09-16 10:27:31,318 - org.junit - 4.12.0.v201504281640
2021-09-16 10:27:31,319 - org.hamcrest.core - 1.3.0.v20180420-1519
2021-09-16 10:27:31,320 - org.junit.jupiter.api - 5.1.0.v20180327-1502
2021-09-16 10:27:31,321 - org.junit.jupiter.engine - 5.1.0.v20180327-1502
2021-09-16 10:27:31,322 - org.junit.jupiter.migrationsupport - 5.1.0.v20180327-1502
2021-09-16 10:27:31,323 - org.junit.jupiter.params - 5.1.0.v20180327-1502
2021-09-16 10:27:31,324 - org.junit.platform.commons - 1.1.0.v20180327-1502
2021-09-16 10:27:31,326 - org.junit.platform.engine - 1.1.0.v20180327-1502
2021-09-16 10:27:31,327 - org.junit.platform.launcher - 1.1.0.v20180327-1502
2021-09-16 10:27:31,328 - org.junit.platform.runner - 1.1.0.v20180327-1502
2021-09-16 10:27:31,329 - org.junit.platform.suite.api - 1.1.0.v20180327-1502
2021-09-16 10:27:31,330 - org.junit.vintage.engine - 5.1.0.v20180327-1502
2021-09-16 10:27:31,331 - org.opentest4j - 1.0.0.v20180327-1502
2021-09-16 10:27:31,332 - org.apiguardian - 1.0.0.v20180327-1502
2021-09-16 10:27:31,333 - org.eclipse.jdt.doc.user - 3.14.0.v20180605-1207
2021-09-16 10:27:31,334 - org.eclipse.ant.launching - 1.2.100.v20180309-1840
2021-09-16 10:27:31,337 - org.eclipse.emf.common - 2.14.0.v20180527-1134
2021-09-16 10:27:31,341 - org.eclipse.egit.mylyn.ui - 5.0.0.201806131550-r
2021-09-16 10:27:31,346 - org.eclipse.sequoyah.vnc.vncviewer.vncviews - 2.1.0.N20120718-0509
2021-09-16 10:27:31,350 - org.eclipse.datatools.enablement.sybase.asa.models - 1.2.100.201802061437
2021-09-16 10:27:31,350 - org.eclipse.datatools.enablement.sybase.ase.models - 1.2.100.201802061753
2021-09-16 10:27:31,351 - org.eclipse.datatools.enablement.sybase.asa - 1.2.100.201802061437
2021-09-16 10:27:31,351 - org.eclipse.datatools.enablement.sybase.ase - 1.2.100.201802061753
2021-09-16 10:27:31,352 - org.eclipse.datatools.enablement.sybase.ase.dbdefinition - 1.2.100.201801242337
2021-09-16 10:27:31,352 - org.eclipse.datatools.enablement.sybase.asa.dbdefinition - 1.2.100.201801242337
2021-09-16 10:27:31,353 - org.eclipse.datatools.enablement.sybase.asa.ui - 1.2.100.201801242337
2021-09-16 10:27:31,354 - org.eclipse.datatools.enablement.sybase.ase.ui - 1.2.100.201801242337
2021-09-16 10:27:31,354 - org.eclipse.datatools.enablement.sybase - 1.2.100.201802061437
2021-09-16 10:27:31,354 - org.eclipse.datatools.enablement.sybase.models - 1.2.100.201802061502
2021-09-16 10:27:31,355 - org.eclipse.datatools.enablement.sybase.ui - 1.2.100.201801242337
2021-09-16 10:27:31,355 - org.eclipse.datatools.enablement.sybase.asa.schemaobjecteditor.examples - 2.7.100.201801242337
2021-09-16 10:27:31,358 - org.jdom - 1.1.1.v201101151400
2021-09-16 10:27:31,359 - org.eclipse.jst.ws.cxf.consumption.core - 1.0.400.v201802222200
2021-09-16 10:27:31,359 - org.eclipse.jst.ws.cxf.consumption.ui - 1.0.400.v201802222200
2021-09-16 10:27:31,359 - org.eclipse.jst.ws.cxf.core - 1.1.301.v201802222200
2021-09-16 10:27:31,360 - org.eclipse.jst.ws.cxf.creation.core - 1.0.500.v201802222200
2021-09-16 10:27:31,361 - org.eclipse.jst.ws.cxf.creation.ui - 1.0.300.v201802222200
2021-09-16 10:27:31,362 - org.eclipse.jst.ws.cxf.ui - 1.0.301.v201802222200
2021-09-16 10:27:31,362 - javax.wsdl - 1.6.2.v201012040545
2021-09-16 10:27:31,362 - javax.jws - 2.0.0.v201005080400
2021-09-16 10:27:31,362 - javax.xml.stream - 1.0.1.v201004272200
2021-09-16 10:27:31,362 - javax.xml.ws - 2.1.0.v200902101523
2021-09-16 10:27:31,364 - org.eclipse.datatools.sqltools.common.ui - 1.2.100.201801242337
2021-09-16 10:27:31,365 - org.eclipse.datatools.sqltools.debugger.core - 1.2.100.201801242337
2021-09-16 10:27:31,365 - org.eclipse.datatools.sqltools.editor.core - 1.2.100.201802061437
2021-09-16 10:27:31,366 - org.eclipse.datatools.sqltools.plan - 1.2.100.201801242337
2021-09-16 10:27:31,366 - org.eclipse.datatools.sqltools.routineeditor - 1.2.100.201801242337
2021-09-16 10:27:31,367 - org.eclipse.datatools.sqltools.sql - 1.2.100.201801242337
2021-09-16 10:27:31,367 - org.eclipse.datatools.sqltools.sqleditor - 1.2.100.201801242337
2021-09-16 10:27:31,368 - org.eclipse.datatools.sqltools.sqlscrapbook - 1.2.100.201801242337
2021-09-16 10:27:31,368 - org.eclipse.datatools.help - 1.7.100.201801242337
2021-09-16 10:27:31,369 - org.eclipse.datatools.sqltools.db.generic - 1.2.100.201802061753
2021-09-16 10:27:31,369 - org.eclipse.datatools.sqltools.debugger.core.ui - 1.2.100.201801242337
2021-09-16 10:27:31,370 - org.eclipse.datatools.sqltools.editor.core.ui - 1.2.100.201801242337
2021-09-16 10:27:31,370 - org.eclipse.datatools.sqltools.result.ui - 1.3.100.201801242337
2021-09-16 10:27:31,371 - org.eclipse.datatools.sqltools.routineeditor.ui - 1.2.100.201801242337
2021-09-16 10:27:31,371 - org.eclipse.datatools.sqltools.sql.ui - 1.2.100.201801242337
2021-09-16 10:27:31,375 - com.android.ide.eclipse.base - 23.0.7.2120684
2021-09-16 10:27:31,375 - com.android.ide.eclipse.ddms - 23.0.7.2120684
2021-09-16 10:27:31,381 - org.objectweb.asm - 6.1.1.v20180414-0329
2021-09-16 10:27:31,381 - org.eclipse.andmore - 0.5.1.201701251432
2021-09-16 10:27:31,382 - org.eclipse.andmore.base - 0.5.1.201701251432
2021-09-16 10:27:31,382 - org.eclipse.andmore.ddms - 0.5.1.201701251432
2021-09-16 10:27:31,383 - org.eclipse.andmore.overlay - 0.5.1.201701251432
2021-09-16 10:27:31,384 - org.apache.commons.codec - 1.9.0.v20170208-1614
2021-09-16 10:27:31,384 - org.apache.commons.compress - 1.15.0.v20180119-1613
2021-09-16 10:27:31,384 - org.apache.httpcomponents.httpclient - 4.5.2.v20170210-0925
2021-09-16 10:27:31,385 - org.apache.httpcomponents.httpcore - 4.4.6.v20170210-0925
2021-09-16 10:27:31,387 - oracle.eclipse.tools.javaee.v6.doc - 6.0.0.201409241442
2021-09-16 10:27:31,390 - org.eclipse.datatools.modelbase.dbdefinition - 1.2.100.201801242337
2021-09-16 10:27:31,391 - org.eclipse.datatools.modelbase.sql.edit - 1.2.100.201801242337
2021-09-16 10:27:31,392 - org.eclipse.datatools.modelbase.sql.query - 1.3.101.201802022135
2021-09-16 10:27:31,394 - org.eclipse.datatools.modelbase.sql.query.edit - 1.2.100.201801242337
2021-09-16 10:27:31,394 - org.eclipse.datatools.modelbase.sql.xml.query - 1.2.100.201801242337
2021-09-16 10:27:31,394 - org.eclipse.datatools.modelbase.sql - 1.2.100.201801242337
2021-09-16 10:27:31,398 - org.eclipse.wst.xsl.core - 1.2.0.v201802171654
2021-09-16 10:27:31,398 - org.eclipse.wst.xsl.debug.ui - 1.1.0.v201804302237
2021-09-16 10:27:31,399 - org.eclipse.wst.xsl.launching - 1.2.0.v201802171654
2021-09-16 10:27:31,400 - org.eclipse.wst.xsl.xalan - 1.1.0.v201802182338
2021-09-16 10:27:31,400 - org.eclipse.wst.xsl.ui - 1.2.0.v201802171654
2021-09-16 10:27:31,401 - org.eclipse.wst.xml.xpath.ui - 1.1.200.v201805022145
2021-09-16 10:27:31,401 - org.eclipse.wst.xsl.doc - 1.1.0.v201802171654
2021-09-16 10:27:31,402 - org.eclipse.wst.xml.xpath.core - 1.3.1.v201711201732
2021-09-16 10:27:31,402 - org.eclipse.wst.xsl.saxon - 1.1.0.v201802171654
2021-09-16 10:27:31,402 - org.eclipse.wst.xsl - 1.2.0.v201711201732
2021-09-16 10:27:31,403 - org.eclipse.wst.xsl.jaxp.debug - 1.1.0.v201802171654
2021-09-16 10:27:31,403 - org.eclipse.wst.xsl.jaxp.debug.ui - 1.1.0.v201802171654
2021-09-16 10:27:31,404 - org.eclipse.wst.xsl.jaxp.launching - 1.1.0.v201802171654
2021-09-16 10:27:31,405 - org.eclipse.wst.xsl.exslt.core - 1.1.0.v201802171654
2021-09-16 10:27:31,405 - org.eclipse.wst.xsl.exslt.ui - 1.1.0.v201802171654
2021-09-16 10:27:31,413 - org.eclipse.datatools.enablement.oda.ws - 1.4.100.201802061455
2021-09-16 10:27:31,413 - org.eclipse.datatools.enablement.oda.xml - 1.4.100.201802061455
2021-09-16 10:27:31,413 - org.eclipse.datatools.connectivity.oda.flatfile - 3.3.100.201801242337
2021-09-16 10:27:31,418 - oracle.database.driver - 17.3.0.201903121357
2021-09-16 10:27:31,420 - oracle.database.driver.11 - 17.3.0.201903121357
2021-09-16 10:27:31,421 - oracle.database.plsql.parser - 17.3.0.201903121357
2021-09-16 10:27:31,421 - oracle.eclipse.tools.database - 17.3.0.201903121357
2021-09-16 10:27:31,422 - oracle.eclipse.tools.database.ui - 17.3.0.201903121357
2021-09-16 10:27:31,423 - oracle.eclipse.tools.database.doc - 17.3.0.201903121357
2021-09-16 10:27:31,426 - com.android.ide.eclipse.adt - 23.0.7.2120684
2021-09-16 10:27:31,427 - overlay.com.android.ide.eclipse.adt.overlay - 23.0.7.2120684
2021-09-16 10:27:31,430 - org.eclipse.jst.ws.axis2.core - 1.0.300.v201802222200
2021-09-16 10:27:31,430 - org.eclipse.jst.ws.axis2.ui - 1.0.400.v201802222200
2021-09-16 10:27:31,430 - org.eclipse.jst.ws.axis2.consumption.core - 1.0.200.v201802222200
2021-09-16 10:27:31,431 - org.eclipse.jst.ws.axis2.consumption.ui - 1.0.200.v201802222200
2021-09-16 10:27:31,431 - org.eclipse.jst.ws.axis2.creation.core - 1.0.200.v201802222200
2021-09-16 10:27:31,432 - org.eclipse.jst.ws.axis2.creation.ui - 1.0.200.v201802222200
2021-09-16 10:27:31,432 - org.eclipse.jst.ws.axis2.ui.doc.user - 1.0.200.v201309242118
2021-09-16 10:27:31,458 - org.apache.ant - 1.10.3.v20180417-1627
2021-09-16 10:27:31,458 - org.eclipse.ant.core - 3.5.100.v20180512-1141
2021-09-16 10:27:31,459 - com.jcraft.jsch - 0.1.54.v20170116-1932
2021-09-16 10:27:31,459 - org.eclipse.compare.core - 3.6.200.v20180312-1255
2021-09-16 10:27:31,460 - org.eclipse.compare - 3.7.200.v20180418-1233
2021-09-16 10:27:31,461 - org.eclipse.compare.win32 - 1.2.100.v20180515-0858
2021-09-16 10:27:31,461 - org.eclipse.core.filebuffers - 3.6.200.v20180512-1137
2021-09-16 10:27:31,462 - org.eclipse.core.filesystem - 1.7.100.v20180304-1102
2021-09-16 10:27:31,462 - org.eclipse.core.net - 1.3.200.v20180515-0858
2021-09-16 10:27:31,463 - org.eclipse.core.net.win32.x86_64 - 1.1.100.v20180515-0858
2021-09-16 10:27:31,463 - org.eclipse.core.resources - 3.13.0.v20180512-1138
2021-09-16 10:27:31,463 - org.eclipse.osgi.util - 3.5.0.v20180219-1511
2021-09-16 10:27:31,464 - org.eclipse.debug.core - 3.12.0.v20180509-0959
2021-09-16 10:27:31,464 - org.eclipse.debug.ui - 3.13.0.v20180514-0621
2021-09-16 10:27:31,465 - org.eclipse.equinox.event - 1.4.200.v20180426-0845
2021-09-16 10:27:31,465 - org.eclipse.ltk.core.refactoring - 3.9.0.v20180220-2105
2021-09-16 10:27:31,466 - org.eclipse.ltk.ui.refactoring - 3.9.100.v20180425-1219
2021-09-16 10:27:31,466 - org.eclipse.platform - 4.8.0.v20180611-0500
2021-09-16 10:27:31,467 - org.eclipse.platform.doc.user - 4.8.0.v20180531-1055
2021-09-16 10:27:31,467 - org.eclipse.search - 3.11.200.v20180503-1856
2021-09-16 10:27:31,467 - org.eclipse.team.core - 3.8.200.v20180309-1840
2021-09-16 10:27:31,468 - org.eclipse.team.ui - 3.8.100.v20180418-1233
2021-09-16 10:27:31,468 - org.eclipse.text - 3.6.300.v20180430-1330
2021-09-16 10:27:31,469 - org.eclipse.jface.text - 3.13.0.v20180527-1819
2021-09-16 10:27:31,469 - org.eclipse.jsch.core - 1.3.100.v20180309-1840
2021-09-16 10:27:31,470 - org.eclipse.jsch.ui - 1.3.100.v20180418-1233
2021-09-16 10:27:31,471 - org.eclipse.ui.console - 3.8.0.v20180413-0859
2021-09-16 10:27:31,471 - org.eclipse.ui.intro - 3.5.200.v20180328-0550
2021-09-16 10:27:31,471 - org.eclipse.ui.intro.universal - 3.3.200.v20180418-0908
2021-09-16 10:27:31,472 - org.eclipse.ui.cheatsheets - 3.5.200.v20180418-0908
2021-09-16 10:27:31,472 - org.eclipse.ui.browser - 3.6.200.v20180403-0945
2021-09-16 10:27:31,473 - org.eclipse.ui.genericeditor - 1.1.0.v20180504-0829
2021-09-16 10:27:31,473 - org.eclipse.ui.monitoring - 1.1.200.v20180403-0945
2021-09-16 10:27:31,474 - org.eclipse.ui.navigator - 3.7.100.v20180524-1240
2021-09-16 10:27:31,474 - org.eclipse.ui.navigator.resources - 3.6.100.v20180427-1355
2021-09-16 10:27:31,475 - org.eclipse.ui.net - 1.3.200.v20171208-1604
2021-09-16 10:27:31,476 - org.eclipse.ui.workbench.texteditor - 3.11.0.v20180419-2011
2021-09-16 10:27:31,477 - org.eclipse.ui.views - 3.9.100.v20180427-1355
2021-09-16 10:27:31,478 - org.eclipse.ui.editors - 3.11.100.v20180512-1137
2021-09-16 10:27:31,479 - org.eclipse.ui.externaltools - 3.4.100.v20180418-1145
2021-09-16 10:27:31,480 - org.eclipse.ui.ide - 3.14.0.v20180517-1842
2021-09-16 10:27:31,480 - org.eclipse.ui.ide.application - 1.2.100.v20180416-2050
2021-09-16 10:27:31,481 - org.eclipse.ui.win32 - 3.4.0.v20180403-0945
2021-09-16 10:27:31,481 - org.eclipse.core.resources.win32.x86_64 - 3.5.100.v20170516-0925
2021-09-16 10:27:31,481 - org.eclipse.core.filesystem.win32.x86_64 - 1.4.0.v20140124-1940
2021-09-16 10:27:31,482 - org.eclipse.core.variables - 3.4.100.v20180509-0959
2021-09-16 10:27:31,482 - org.eclipse.ui.forms - 3.7.200.v20180512-1133
2021-09-16 10:27:31,483 - org.eclipse.ui.views.properties.tabbed - 3.8.100.v20180427-1355
2021-09-16 10:27:31,483 - org.eclipse.equinox.security - 1.2.400.v20171221-2204
2021-09-16 10:27:31,484 - org.eclipse.equinox.security.ui - 1.2.0.v20171221-2204
2021-09-16 10:27:31,484 - org.eclipse.equinox.security.win32.x86_64 - 1.1.0.v20171221-2204
2021-09-16 10:27:31,485 - org.eclipse.core.externaltools - 1.1.100.v20180329-1026
2021-09-16 10:27:31,485 - org.eclipse.ui.themes - 1.2.100.v20180514-1547
2021-09-16 10:27:31,485 - org.eclipse.core.runtime - 3.14.0.v20180417-0825
2021-09-16 10:27:31,486 - org.eclipse.ui.intro.quicklinks - 1.0.200.v20180127-2149
2021-09-16 10:27:31,487 - org.eclipse.team.genericeditor.diff.extension - 1.0.100.v20171212-0901
2021-09-16 10:27:31,489 - org.eclipse.sapphire.java - 9.1.1.201712191343
2021-09-16 10:27:31,493 - org.eclipse.emf.ecore.edit - 2.10.0.v20180421-0731
2021-09-16 10:27:31,494 - org.eclipse.emf.ecore.change.edit - 2.7.0.v20180125-1130
2021-09-16 10:27:31,497 - org.eclipse.sequoyah.vnc.protocol - 2.1.0.N20120718-0509
2021-09-16 10:27:31,501 - org.eclipse.persistence.antlr - 3.5.2.v201605171345
2021-09-16 10:27:31,502 - org.eclipse.persistence.asm - 6.0.0.v201710052159
2021-09-16 10:27:31,503 - org.eclipse.persistence.core - 2.7.1.v20171221-bd47e8f
2021-09-16 10:27:31,505 - org.eclipse.persistence.jpa - 2.7.1.v20171221-bd47e8f
2021-09-16 10:27:31,506 - org.eclipse.jpt.jpa.eclipselink.core - 2.4.101.v201803012210
2021-09-16 10:27:31,506 - org.eclipse.jpt.jpa.eclipselink.ui - 2.4.101.v201803012210
2021-09-16 10:27:31,507 - org.eclipse.jpt.jpa.eclipselink.core.ddlgen - 2.2.201.v201803012210
2021-09-16 10:27:31,507 - org.eclipse.jpt.jpa.eclipselink.branding - 3.4.1.v201803012210
2021-09-16 10:27:31,511 - org.eclipse.emf.mapping.ecore - 2.7.0.v20180123-1048
2021-09-16 10:27:31,512 - org.eclipse.emf.mapping.ecore2ecore - 2.10.0.v20180125-1130
2021-09-16 10:27:31,513 - org.eclipse.emf.mapping.ecore2xml - 2.10.0.v20180125-1130
2021-09-16 10:27:31,516 - org.eclipse.datatools.enablement.ingres - 1.2.100.201801242337
2021-09-16 10:27:31,517 - org.eclipse.datatools.enablement.ingres.dbdefinition - 1.2.100.201801242337
2021-09-16 10:27:31,517 - org.eclipse.datatools.enablement.ingres.ui - 1.2.100.201801242337
2021-09-16 10:27:31,517 - org.eclipse.datatools.enablement.finfo - 1.7.100.201801242337
2021-09-16 10:27:31,520 - org.jboss.tools.stacks.core - 1.4.200.v20210628-0724
2021-09-16 10:27:31,523 - org.eclipse.andmore.traceview - 0.5.1.201701251432
2021-09-16 10:27:31,525 - org.eclipse.m2e.logback.configuration - 1.9.0.20180606-2036
2021-09-16 10:27:31,526 - org.eclipse.m2e.logback.appender - 1.9.0.20180606-2036
2021-09-16 10:27:31,529 - org.eclipse.emf.codegen - 2.13.0.v20180319-0813
2021-09-16 10:27:31,532 - org.eclipse.wst.dtd.ui - 1.1.0.v201802171654
2021-09-16 10:27:31,533 - org.eclipse.wst.dtd.ui.infopop - 1.0.400.v201711201733
2021-09-16 10:27:31,534 - org.eclipse.wst.sse.ui.infopop - 1.0.300.v201711201733
2021-09-16 10:27:31,535 - org.eclipse.wst.xml.ui.infopop - 1.0.400.v201711201733
2021-09-16 10:27:31,537 - org.eclipse.wst.sse.ui - 1.4.0.v201804210200
2021-09-16 10:27:31,537 - org.eclipse.wst.xml.ui - 1.2.0.v201803282043
2021-09-16 10:27:31,538 - org.eclipse.wst.xsd.ui - 1.3.0.v201804032231
2021-09-16 10:27:31,544 - org.eclipse.datatools.doc.user - 1.14.100.201802022135
2021-09-16 10:27:31,546 - org.eclipse.datatools.oda.cshelp - 1.3.100.201801242337
2021-09-16 10:27:31,547 - org.eclipse.datatools.help - 1.7.100.201801242337
2021-09-16 10:27:31,550 - org.eclipse.emf - 2.7.0.v20180123-1048
2021-09-16 10:27:31,553 - oracle.eclipse.tools.cloud.java.sdk - 17.4.1.201712111237
2021-09-16 10:27:31,555 - org.eclipse.xsd - 2.14.0.v20180127-0547
2021-09-16 10:27:31,558 - org.jboss.tools.runtime.core - 3.5.100.v20200908-0926
2021-09-16 10:27:31,559 - org.jboss.tools.runtime.ui - 3.5.100.v20200908-0926
2021-09-16 10:27:31,562 - org.eclipse.draw2d - 3.10.100.201606061308
2021-09-16 10:27:31,565 - org.eclipse.sapphire.modeling - 9.1.1.201712191343
2021-09-16 10:27:31,567 - oracle.eclipse.tools.cloud - 17.3.0.201903121357
2021-09-16 10:27:31,568 - oracle.eclipse.tools.cloud.common - 17.3.0.201903121357
2021-09-16 10:27:31,568 - oracle.eclipse.tools.cloud.ui - 17.3.0.201903121357
2021-09-16 10:27:31,569 - oracle.eclipse.tools.cloud.doc - 17.3.0.201903121357
2021-09-16 10:27:31,569 - oracle.eclipse.tools.cloud.dev.tasks - 17.3.0.201903121357
2021-09-16 10:27:31,570 - oracle.eclipse.tools.cloud.dev.tasks.ui - 17.3.0.201903121357
2021-09-16 10:27:31,571 - oracle.eclipse.tools.cloud.messaging.ui - 17.3.0.201903121357
2021-09-16 10:27:31,571 - oracle.eclipse.tools.cloud.storage - 17.3.0.201903121357
2021-09-16 10:27:31,572 - oracle.eclipse.tools.cloud.mobile - 17.3.0.201903121357
2021-09-16 10:27:31,572 - oracle.eclipse.tools.cloud.mobile.ui - 17.3.0.201903121357
2021-09-16 10:27:31,573 - oracle.eclipse.tools.cloud.dbaas.ui - 17.3.0.201903121357
2021-09-16 10:27:31,573 - oracle.eclipse.tools.cloud.apaas - 17.3.0.201903121357
2021-09-16 10:27:31,574 - oracle.eclipse.tools.cloud.apaas.ui - 17.3.0.201903121357
2021-09-16 10:27:31,579 - org.eclipse.mylyn.trac.core - 3.24.0.v20170629-1737
2021-09-16 10:27:31,580 - org.eclipse.mylyn.trac.ui - 3.24.0.v20170629-1737
2021-09-16 10:27:31,582 - org.eclipse.mylyn.reviews.core - 2.15.0.v20170629-2231
2021-09-16 10:27:31,583 - org.eclipse.mylyn.reviews.edit - 2.15.0.v20170629-2231
2021-09-16 10:27:31,584 - org.eclipse.mylyn.reviews.ui - 2.15.0.v20170629-2231
2021-09-16 10:27:31,586 - org.eclipse.andmore.gldebugger - 0.5.1.201701251432
2021-09-16 10:27:31,589 - org.python.pydev.core - 2.7.5.2013052819
2021-09-16 10:27:31,591 - org.python.pydev.parser - 2.7.5.2013052819
2021-09-16 10:27:31,593 - org.python.pydev.ast - 2.7.5.2013052819
2021-09-16 10:27:31,596 - org.python.pydev.jython - 2.7.5.2013052819
2021-09-16 10:27:31,597 - org.python.pydev.help - 2.7.5.2013052819
2021-09-16 10:27:31,597 - org.python.pydev - 2.7.5.2013052819
2021-09-16 10:27:31,597 - org.python.pydev.debug - 2.7.5.2013052819
2021-09-16 10:27:31,600 - org.python.pydev.refactoring - 2.7.5.2013052819
2021-09-16 10:27:31,601 - org.python.pydev.customizations - 2.7.5.2013052819
2021-09-16 10:27:31,603 - org.python.pydev.django - 2.7.5.2013052819
2021-09-16 10:27:31,604 - com.python.pydev - 2.7.5.2013052819
2021-09-16 10:27:31,605 - com.python.pydev.analysis - 2.7.5.2013052819
2021-09-16 10:27:31,606 - com.python.pydev.fastparser - 2.7.5.2013052819
2021-09-16 10:27:31,608 - com.python.pydev.codecompletion - 2.7.5.2013052819
2021-09-16 10:27:31,610 - com.python.pydev.debug - 2.7.5.2013052819
2021-09-16 10:27:31,614 - com.python.pydev.refactoring - 2.7.5.2013052819
2021-09-16 10:27:31,622 - org.python.pydev.shared_interactive_console - 2.7.5.2013052819
2021-09-16 10:27:31,623 - org.python.pydev.shared_ui - 2.7.5.2013052819
2021-09-16 10:27:31,624 - org.python.pydev.shared_core - 2.7.5.2013052819
2021-09-16 10:27:31,628 - org.eclipse.mylyn.hudson.core - 1.16.0.v20180403-2055
2021-09-16 10:27:31,629 - org.eclipse.mylyn.hudson.ui - 1.16.0.v20170629-2231
2021-09-16 10:27:31,633 - org.eclipse.epp.mpc.core - 1.7.1.v20180628-1139
2021-09-16 10:27:31,634 - org.eclipse.epp.mpc.core.win32 - 1.7.1.v20180628-1139
2021-09-16 10:27:31,634 - org.eclipse.epp.mpc.ui - 1.7.1.v20180628-1155
2021-09-16 10:27:31,634 - org.eclipse.epp.mpc.ui.css - 1.7.1.v20180628-1139
2021-09-16 10:27:31,635 - org.eclipse.epp.mpc.help.ui - 1.7.1.v20180628-1139
2021-09-16 10:27:31,638 - oracle.eclipse.tools.weblogic - 17.3.0.201903121357
2021-09-16 10:27:31,639 - oracle.eclipse.tools.weblogic.doc - 17.3.0.201903121357
2021-09-16 10:27:31,639 - oracle.eclipse.tools.weblogic.ui - 17.3.0.201903121357
2021-09-16 10:27:31,640 - oracle.eclipse.tools.webservices - 17.3.0.201903121357
2021-09-16 10:27:31,641 - oracle.eclipse.tools.webservices.ui - 17.3.0.201903121357
2021-09-16 10:27:31,648 - oracle.eclipse.tools.weblogic.v92 - 17.3.0.201903121357
2021-09-16 10:27:31,648 - oracle.eclipse.tools.weblogic.v10 - 17.3.0.201903121357
2021-09-16 10:27:31,648 - oracle.eclipse.tools.weblogic.v103 - 17.3.0.201903121357
2021-09-16 10:27:31,648 - oracle.eclipse.tools.weblogic.v1031 - 17.3.0.201903121357
2021-09-16 10:27:31,649 - oracle.eclipse.tools.weblogic.v1032 - 17.3.0.201903121357
2021-09-16 10:27:31,649 - oracle.eclipse.tools.weblogic.v1033 - 17.3.0.201903121357
2021-09-16 10:27:31,649 - oracle.eclipse.tools.weblogic.v1034 - 17.3.0.201903121357
2021-09-16 10:27:31,649 - oracle.eclipse.tools.weblogic.v1035 - 17.3.0.201903121357
2021-09-16 10:27:31,649 - oracle.eclipse.tools.weblogic.v1036 - 17.3.0.201903121357
2021-09-16 10:27:31,649 - oracle.eclipse.tools.weblogic.v1211 - 17.3.0.201903121357
2021-09-16 10:27:31,649 - oracle.eclipse.tools.weblogic.v1212 - 17.3.0.201903121357
2021-09-16 10:27:31,649 - oracle.eclipse.tools.weblogic.v1213 - 17.3.0.201903121357
2021-09-16 10:27:31,650 - oracle.eclipse.tools.weblogic.v1221 - 17.3.0.201903121357
2021-09-16 10:27:31,650 - oracle.eclipse.tools.weblogic.v12211 - 17.3.0.201903121357
2021-09-16 10:27:31,650 - oracle.eclipse.tools.weblogic.v12212 - 17.3.0.201903121357
2021-09-16 10:27:31,650 - oracle.eclipse.tools.weblogic.v12213 - 17.3.0.201903121357
2021-09-16 10:27:31,650 - oracle.eclipse.tools.weblogic.v12214 - 17.3.0.201903121357
2021-09-16 10:27:31,653 - org.eclipse.cdt.gdb - 7.0.0.201806170908
2021-09-16 10:27:31,653 - org.eclipse.cdt.gdb.ui - 7.0.0.201806170908
2021-09-16 10:27:31,656 - org.eclipse.pde - 3.13.100.v20180611-0500
2021-09-16 10:27:31,658 - org.eclipse.pde.build - 3.10.0.v20180512-1217
2021-09-16 10:27:31,659 - org.eclipse.pde.core - 3.12.0.v20180516-1159
2021-09-16 10:27:31,660 - org.eclipse.pde.junit.runtime - 3.5.100.v20180528-1302
2021-09-16 10:27:31,661 - org.eclipse.pde.runtime - 3.6.100.v20180416-0851
2021-09-16 10:27:31,662 - org.eclipse.pde.ui - 3.10.200.v20180604-1325
2021-09-16 10:27:31,663 - org.eclipse.pde.doc.user - 3.13.100.v20180611-0826
2021-09-16 10:27:31,664 - org.eclipse.pde.ui.templates - 3.6.200.v20180423-2131
2021-09-16 10:27:31,665 - org.eclipse.ui.views.log - 1.2.200.v20180512-1206
2021-09-16 10:27:31,665 - org.objectweb.asm - 6.1.1.v20180414-0329
2021-09-16 10:27:31,666 - org.objectweb.asm.tree - 6.1.1.v20180414-0329
2021-09-16 10:27:31,667 - org.eclipse.pde.api.tools - 1.1.200.v20180527-1018
2021-09-16 10:27:31,668 - org.eclipse.pde.api.tools.annotations - 1.1.100.v20171201-1034
2021-09-16 10:27:31,668 - org.eclipse.pde.api.tools.ui - 1.1.200.v20180527-1018
2021-09-16 10:27:31,669 - org.eclipse.pde.ds.core - 1.1.200.v20180417-0902
2021-09-16 10:27:31,670 - org.eclipse.pde.ds.ui - 1.1.200.v20180321-2012
2021-09-16 10:27:31,671 - org.eclipse.pde.launching - 3.7.100.v20180417-0902
2021-09-16 10:27:31,672 - org.eclipse.pde.ua.core - 1.1.100.v20180417-0902
2021-09-16 10:27:31,672 - org.eclipse.pde.ua.ui - 1.1.200.v20180417-0902
2021-09-16 10:27:31,673 - org.eclipse.ui.trace - 1.1.100.v20180416-0851
2021-09-16 10:27:31,674 - org.eclipse.pde.ds.annotations - 1.1.100.v20180515-0733
2021-09-16 10:27:31,675 - org.eclipse.pde.genericeditor.extension - 1.0.100.v20180417-0902
2021-09-16 10:27:31,678 - org.eclipse.pde.ds.lib - 1.1.100.v20180228-1600
2021-09-16 10:27:31,681 - org.eclipse.pde.ds1_2.lib - 1.0.100.v20180228-1600
2021-09-16 10:27:31,682 - org.eclipse.tools.layout.spy - 1.0.100.v20180129-1023
2021-09-16 10:27:31,686 - com.android.ide.eclipse.hierarchyviewer - 23.0.7.2120684
2021-09-16 10:27:31,690 - org.eclipse.datatools.sqltools.parsers.sql.lexer - 1.2.100.201801242337
2021-09-16 10:27:31,691 - org.eclipse.datatools.sqltools.parsers.sql.query - 1.4.100.201801242337
2021-09-16 10:27:31,692 - org.eclipse.datatools.sqltools.parsers.sql.xml.query - 1.2.100.201801242337
2021-09-16 10:27:31,692 - org.eclipse.datatools.sqltools.parsers.sql - 1.2.100.201801242337
2021-09-16 10:27:31,696 - org.eclipse.mylyn.java.ui - 3.24.0.v20170629-2230
2021-09-16 10:27:31,696 - org.eclipse.mylyn.java.tasks - 3.24.0.v20170629-2230
2021-09-16 10:27:31,696 - org.eclipse.mylyn.ide.ui - 3.24.0.v20170629-2230
2021-09-16 10:27:31,697 - org.eclipse.mylyn.ide.ant - 3.24.0.v20170629-2230
2021-09-16 10:27:31,697 - org.eclipse.mylyn.debug.ui - 3.24.0.v20170629-2230
2021-09-16 10:27:31,700 - org.eclipse.m2e.wtp.jaxrs - 1.4.0.20180606-2005
2021-09-16 10:27:31,702 - org.eclipse.datatools.sqltools.sql - 1.2.100.201801242337
2021-09-16 10:27:31,702 - org.eclipse.datatools.sqltools.common.ui - 1.2.100.201801242337
2021-09-16 10:27:31,702 - org.eclipse.datatools.sqltools.plan - 1.2.100.201801242337
2021-09-16 10:27:31,702 - org.eclipse.datatools.sqltools.editor.core - 1.2.100.201802061437
2021-09-16 10:27:31,702 - org.eclipse.datatools.sqltools.sqleditor - 1.2.100.201801242337
2021-09-16 10:27:31,702 - org.eclipse.datatools.sqltools.ddlgen.ui - 1.2.100.201801242337
2021-09-16 10:27:31,702 - org.eclipse.datatools.connectivity.db.generic - 1.2.100.201801242337
2021-09-16 10:27:31,702 - org.eclipse.datatools.sqltools.editor.core.ui - 1.2.100.201801242337
2021-09-16 10:27:31,702 - org.eclipse.datatools.sqltools.sql.ui - 1.2.100.201801242337
2021-09-16 10:27:31,705 - org.eclipse.mylyn.commons.repositories.core - 1.16.0.v20170629-1728
2021-09-16 10:27:31,706 - org.eclipse.mylyn.commons.repositories.ui - 1.16.0.v20170629-1728
2021-09-16 10:27:31,710 - org.eclipse.andmore.android.common - 0.5.1.201701251432
2021-09-16 10:27:31,711 - org.eclipse.andmore.android.codeutils - 0.5.1.201701251432
2021-09-16 10:27:31,712 - org.eclipse.andmore.android.translation - 0.5.1.201701251432
2021-09-16 10:27:31,713 - org.eclipse.andmore.android.codesnippets - 0.5.1.201701251432
2021-09-16 10:27:31,714 - org.eclipse.andmore.android.db.core - 0.5.1.201701251432
2021-09-16 10:27:31,714 - org.eclipse.andmore.android.logger - 0.5.1.201701251432
2021-09-16 10:27:31,715 - org.eclipse.andmore.android - 0.5.1.201701251432
2021-09-16 10:27:31,716 - org.eclipse.andmore.android.emulator - 0.5.1.201701251432
2021-09-16 10:27:31,716 - org.eclipse.andmore.android.launch - 0.5.1.201701251432
2021-09-16 10:27:31,717 - org.eclipse.andmore.android.packaging.ui - 0.5.1.201701251432
2021-09-16 10:27:31,718 - org.eclipse.andmore.android.handset - 0.5.1.201701251432
2021-09-16 10:27:31,718 - org.eclipse.andmore.android.remote - 0.5.1.201701251432
2021-09-16 10:27:31,719 - org.eclipse.andmore.android.win32.x86_64 - 0.5.1.201701251432
2021-09-16 10:27:31,719 - org.eclipse.andmore.android.mat - 0.5.1.201701251432
2021-09-16 10:27:31,720 - org.eclipse.andmore.android.devices.services - 0.5.1.201701251432
2021-09-16 10:27:31,721 - org.eclipse.andmore.android.db.devices - 0.5.1.201701251432
2021-09-16 10:27:31,721 - org.eclipse.andmore.android.installer - 0.5.1.201701251432
2021-09-16 10:27:31,722 - org.eclipse.andmore.android.logger.collector - 0.5.1.201701251432
2021-09-16 10:27:31,725 - oracle.eclipse.tools.javaee.v7.doc - 7.0.0.201409241442
2021-09-16 10:27:31,728 - org.eclipse.glassfish.tools - 1.0.0.201801311814
2021-09-16 10:27:31,729 - org.eclipse.glassfish.tools.jver - 1.0.0.201801311814
2021-09-16 10:27:31,729 - org.eclipse.glassfish.tools.ui - 1.0.0.201801311814
2021-09-16 10:27:31,732 - oracle.eclipse.tools.maven.adf - 17.3.0.201903121357
2021-09-16 10:27:31,732 - oracle.eclipse.tools.maven.doc - 17.3.0.201903121357
2021-09-16 10:27:31,735 - org.eclipse.mylyn.monitor.core - 3.24.0.v20170629-1728
2021-09-16 10:27:31,736 - org.eclipse.mylyn.monitor.ui - 3.24.0.v20170629-1728
2021-09-16 10:27:31,739 - org.jboss.tools.as.catalog - 3.9.106.v20210618-2025
2021-09-16 10:27:31,740 - org.jboss.ide.eclipse.as.ui.mbeans - 3.9.106.v20210617-1620
2021-09-16 10:27:31,741 - org.jboss.tools.as.runtimes.integration - 3.9.106.v20210618-2025
2021-09-16 10:27:31,742 - org.jboss.ide.eclipse.as.doc.user - 3.9.106.v20210617-1620
2021-09-16 10:27:31,747 - oracle.eclipse.tools.envcheck - 17.3.0.201903121357
2021-09-16 10:27:31,752 - oracle.eclipse.tools.common.templating - 17.3.0.201903121357
2021-09-16 10:27:31,753 - oracle.eclipse.tools.common.ui - 17.3.0.201903121357
2021-09-16 10:27:31,754 - oracle.eclipse.tools.common.upgrade - 17.3.0.201903121357
2021-09-16 10:27:31,755 - oracle.eclipse.tools.common - 17.3.0.201903121357
2021-09-16 10:27:31,755 - oracle.eclipse.tools.common.doc - 17.3.0.201903121357
2021-09-16 10:27:31,756 - oracle.eclipse.tools.common.services - 17.3.0.201903121357
2021-09-16 10:27:31,757 - oracle.eclipse.tools.common.services.ui - 17.3.0.201903121357
2021-09-16 10:27:31,758 - oracle.eclipse.tools.application.common.services - 17.3.0.201903121357
2021-09-16 10:27:31,758 - oracle.eclipse.tools.javaee - 17.3.0.201903121357
2021-09-16 10:27:31,759 - oracle.eclipse.tools.webtier.common.services - 17.3.0.201903121357
2021-09-16 10:27:31,760 - oracle.eclipse.tools.webtier.html - 17.3.0.201903121357
2021-09-16 10:27:31,761 - oracle.eclipse.tools.webtier.html.ui - 17.3.0.201903121357
2021-09-16 10:27:31,763 - oracle.eclipse.tools.webtier.javawebapp - 17.3.0.201903121357
2021-09-16 10:27:31,764 - oracle.eclipse.tools.webtier.jsf - 17.3.0.201903121357
2021-09-16 10:27:31,766 - oracle.eclipse.tools.webtier.jsf.ui - 17.3.0.201903121357
2021-09-16 10:27:31,767 - oracle.eclipse.tools.webtier.jsp - 17.3.0.201903121357
2021-09-16 10:27:31,769 - oracle.eclipse.tools.webtier.jsp.ui - 17.3.0.201903121357
2021-09-16 10:27:31,770 - oracle.eclipse.tools.webtier.jstl - 17.3.0.201903121357
2021-09-16 10:27:31,771 - oracle.eclipse.tools.webtier.jstl.ui - 17.3.0.201903121357
2021-09-16 10:27:31,771 - oracle.eclipse.tools.webtier.struts - 17.3.0.201903121357
2021-09-16 10:27:31,772 - oracle.eclipse.tools.webtier.struts.ui - 17.3.0.201903121357
2021-09-16 10:27:31,773 - oracle.eclipse.tools.webtier.ui - 17.3.0.201903121357
2021-09-16 10:27:31,774 - oracle.eclipse.tools.xml.model - 17.3.0.201903121357
2021-09-16 10:27:31,775 - oracle.eclipse.tools.xml.edit.ui - 17.3.0.201903121357
2021-09-16 10:27:31,776 - oracle.eclipse.tools.webtier.doc - 17.3.0.201903121357
2021-09-16 10:27:31,777 - oracle.eclipse.tools.webtier.trinidad - 17.3.0.201903121357
2021-09-16 10:27:31,778 - oracle.eclipse.tools.webtier.trinidad.ui - 17.3.0.201903121357
2021-09-16 10:27:31,783 - oracle.eclipse.tools.webtier.jsf.facelet - 17.3.0.201903121357
2021-09-16 10:27:31,784 - oracle.eclipse.tools.jaxrs - 17.3.0.201903121357
2021-09-16 10:27:31,785 - oracle.eclipse.tools.jaxrs.ui - 17.3.0.201903121357
2021-09-16 10:27:31,800 - oracle.eclipse.tools.jaxrs.v11 - 17.3.0.201903121357
2021-09-16 10:27:31,801 - oracle.eclipse.tools.javaee.doc - 17.3.0.201903121357
2021-09-16 10:27:31,801 - oracle.eclipse.tools.javaee.doc.integration - 17.3.0.201903121357
2021-09-16 10:27:31,802 - oracle.eclipse.tools.util - 17.3.0.201903121357
2021-09-16 10:27:31,803 - oracle.eclipse.tools.util.jver - 17.3.0.201903121357
2021-09-16 10:27:31,806 - org.eclipse.tm.terminal.control - 4.4.0.201801212237
2021-09-16 10:27:31,811 - org.eclipse.sequoyah.vnc.vncviewer - 2.1.0.N20120718-0509
2021-09-16 10:27:31,818 - org.jboss.ide.eclipse.as.jmx.integration - 3.9.106.v20210617-1620
2021-09-16 10:27:31,822 - org.eclipse.emf.codegen.ecore.ui - 2.14.0.v20180418-0836
2021-09-16 10:27:31,826 - org.eclipse.emf.ecore.editor - 2.14.0.v20180212-1111
2021-09-16 10:27:31,829 - org.sonatype.m2e.mavenarchiver - 0.17.2.201606141937-signed-20160830073346
2021-09-16 10:27:31,833 - org.eclipse.mylyn.builds.core - 1.16.0.v20170629-2231
2021-09-16 10:27:31,834 - org.eclipse.mylyn.builds.ui - 1.16.0.v20170629-2231
2021-09-16 10:27:31,837 - org.eclipse.mylyn.context.core - 3.24.0.v20170629-2230
2021-09-16 10:27:31,838 - org.eclipse.mylyn.context.ui - 3.24.0.v20170629-2230
2021-09-16 10:27:31,839 - org.eclipse.mylyn.resources.ui - 3.24.0.v20170629-2230
2021-09-16 10:27:31,840 - org.eclipse.mylyn.context.tasks.ui - 3.24.0.v20170629-2230
2021-09-16 10:27:31,845 - org.eclipse.datatools.enablement.oracle.dbdefinition - 1.2.100.201801242337
2021-09-16 10:27:31,846 - org.eclipse.datatools.enablement.oracle - 1.2.100.201801242337
2021-09-16 10:27:31,847 - org.eclipse.datatools.enablement.oracle.ui - 1.2.100.201801242337
2021-09-16 10:27:31,847 - org.eclipse.datatools.enablement.finfo - 1.7.100.201801242337
2021-09-16 10:27:31,850 - org.eclipse.emf.databinding - 1.4.0.v20180130-1145
2021-09-16 10:27:31,854 - org.eclipse.datatools.enablement.sap.maxdb.dbdefinition - 1.2.100.201801242337
2021-09-16 10:27:31,855 - org.eclipse.datatools.enablement.sap.maxdb - 1.2.100.201801242337
2021-09-16 10:27:31,856 - org.eclipse.datatools.enablement.sap.maxdb.ui - 1.2.100.201801242337
2021-09-16 10:27:31,856 - org.eclipse.datatools.enablement.finfo - 1.7.100.201801242337
2021-09-16 10:27:31,860 - org.eclipse.wst.xml.xpath2.processor - 2.1.101.v201805182044
2021-09-16 10:27:31,861 - org.eclipse.wst.xml.xpath2.wtptypes - 2.0.0.v201711201732
2021-09-16 10:27:31,861 - org.eclipse.wst.xml.xpath2 - 1.1.0.v201711201732
2021-09-16 10:27:31,862 - org.eclipse.wst.xml.xpath2.processor.doc.user - 2.1.0.v201802171654
